                                     | Core 0     | Core 1     | Core 2     | Core 3     | Core 4     | Core 5     | Core 6     | Core 7     | Core 8     | Core 9     | Core 10    | Core 11    | Core 12    | Core 13    | Core 14    | Core 15   
  Instructions                       |    6180055 |    5773933 |    7389009 |    7503326 |    5308903 |    6308300 |    5633351 |    7097721 |    6856904 |    6307253 |    6666983 |    6662510 |    6675773 |    6395408 |    5164967 |    5071605
  Cycles                             |   59359426 |   59359426 |   59359426 |   59359426 |   59359426 |   59359426 |   59359426 |   59359426 |   59359426 |   59359426 |   59359426 |   59359426 |   59359426 |   59359426 |   59359426 |   59359426
  IPC                                |       0.10 |       0.10 |       0.12 |       0.13 |       0.09 |       0.11 |       0.09 |       0.12 |       0.12 |       0.11 |       0.11 |       0.11 |       0.11 |       0.11 |       0.09 |       0.09
  Time (ns)                          |   22315574 |   22315574 |   22315574 |   22315574 |   22315574 |   22315574 |   22315574 |   22315574 |   22315574 |   22315574 |   22315574 |   22315574 |   22315574 |   22315574 |   22315574 |   22315574
  Idle time (ns)                     |    2264402 |    4248080 |     430152 |     410511 |    4960503 |    1201711 |    3802932 |      82346 |    1598165 |    3555996 |    2850098 |    2879386 |    1044640 |    1435542 |    5606975 |    6283613
  Idle time (%)                      |      10.1% |      19.0% |       1.9% |       1.8% |      22.2% |       5.4% |      17.0% |       0.4% |       7.2% |      15.9% |      12.8% |      12.9% |       4.7% |       6.4% |      25.1% |      28.2%
Branch predictor stats               |            |            |            |            |            |            |            |            |            |            |            |            |            |            |            |           
  num correct                        |    1068349 |     987111 |    1310133 |    1332989 |     894110 |    1093989 |     959002 |    1251882 |    1203713 |    1093780 |    1165732 |    1164837 |    1167479 |    1111401 |     865333 |     846663
  num incorrect                      |         82 |         90 |         84 |         92 |         86 |         87 |         84 |         77 |         84 |         87 |         80 |         81 |         91 |         95 |         78 |         74
  misprediction rate                 |      0.01% |      0.01% |      0.01% |      0.01% |      0.01% |      0.01% |      0.01% |      0.01% |      0.01% |      0.01% |      0.01% |      0.01% |      0.01% |      0.01% |      0.01% |      0.01%
  mpki                               |       0.01 |       0.02 |       0.01 |       0.01 |       0.02 |       0.01 |       0.01 |       0.01 |       0.01 |       0.01 |       0.01 |       0.01 |       0.01 |       0.01 |       0.02 |       0.01
TLB Summary                          |            |            |            |            |            |            |            |            |            |            |            |            |            |            |            |           
Cache Summary                        |            |            |            |            |            |            |            |            |            |            |            |            |            |            |            |           
  Cache L1-I                         |            |            |            |            |            |            |            |            |            |            |            |            |            |            |            |           
    num cache accesses               |     211010 |     211019 |     211019 |     211014 |     211019 |     211014 |     211014 |     211015 |     211014 |     211014 |     211019 |     211014 |     211019 |     211019 |     211018 |     211014
    num cache misses                 |         11 |         16 |         16 |         15 |         16 |         15 |         15 |         15 |         15 |         15 |         16 |         15 |         16 |         16 |         15 |         15
    miss rate                        |      0.01% |      0.01% |      0.01% |      0.01% |      0.01% |      0.01% |      0.01% |      0.01% |      0.01% |      0.01% |      0.01% |      0.01% |      0.01% |      0.01% |      0.01% |      0.01%
    mpki                             |       0.00 |       0.00 |       0.00 |       0.00 |       0.00 |       0.00 |       0.00 |       0.00 |       0.00 |       0.00 |       0.00 |       0.00 |       0.00 |       0.00 |       0.00 |       0.00
  Cache L1-D                         |            |            |            |            |            |            |            |            |            |            |            |            |            |            |            |           
    num cache accesses               |    3830292 |    3586616 |    4555660 |    4624255 |    3307598 |    3907240 |    3502270 |    4380891 |    4236401 |    3906612 |    4122446 |    4119766 |    4127720 |    3959501 |    3221239 |    3165223
    num cache misses                 |     680259 |     519329 |     692206 |     694039 |     456549 |     560769 |     490925 |     600286 |     714510 |     568730 |     601276 |     599807 |     564208 |     548676 |     432705 |     416408
    miss rate                        |     17.76% |     14.48% |     15.19% |     15.01% |     13.80% |     14.35% |     14.02% |     13.70% |     16.87% |     14.56% |     14.59% |     14.56% |     13.67% |     13.86% |     13.43% |     13.16%
    mpki                             |     110.07 |      89.94 |      93.68 |      92.50 |      86.00 |      88.89 |      87.15 |      84.57 |     104.20 |      90.17 |      90.19 |      90.03 |      84.52 |      85.79 |      83.78 |      82.11
  Cache L2                           |            |            |            |            |            |            |            |            |            |            |            |            |            |            |            |           
    num cache accesses               |     680543 |     519540 |     692452 |     694264 |     456779 |     561002 |     491148 |     600471 |     714824 |     568980 |     601538 |     600061 |     564502 |     548931 |     432941 |     416615
    num cache misses                 |     520989 |     413182 |     508597 |     511638 |     389021 |     476938 |     414372 |     510275 |     539722 |     434663 |     453434 |     454685 |     478818 |     460274 |     362105 |     346292
    miss rate                        |     76.55% |     79.53% |     73.45% |     73.70% |     85.17% |     85.02% |     84.37% |     84.98% |     75.50% |     76.39% |     75.38% |     75.77% |     84.82% |     83.85% |     83.64% |     83.12%
    mpki                             |      84.30 |      71.56 |      68.83 |      68.19 |      73.28 |      75.60 |      73.56 |      71.89 |      78.71 |      68.91 |      68.01 |      68.25 |      71.72 |      71.97 |      70.11 |      68.28
  Cache L3                           |            |            |            |            |            |            |            |            |            |            |            |            |            |            |            |           
    num cache accesses               |     521295 |     413360 |     508818 |     511828 |     389221 |     477141 |     414568 |     510424 |     540039 |     434879 |     453667 |     454901 |     479082 |     460496 |     362309 |     346469
    num cache misses                 |     340641 |     316951 |     377289 |     382029 |     279584 |     342570 |     309334 |     367861 |     365577 |     338560 |     353808 |     356787 |     342977 |     337581 |     270730 |     264275
    miss rate                        |     65.35% |     76.68% |     74.15% |     74.64% |     71.83% |     71.80% |     74.62% |     72.07% |     67.69% |     77.85% |     77.99% |     78.43% |     71.59% |     73.31% |     74.72% |     76.28%
    mpki                             |      55.12 |      54.89 |      51.06 |      50.91 |      52.66 |      54.30 |      54.91 |      51.83 |      53.32 |      53.68 |      53.07 |      53.55 |      51.38 |      52.78 |      52.42 |      52.11
DRAM summary                         |            |            |            |            |            |            |            |            |            |            |            |            |            |            |            |           
  num dram accesses                  |        101 |          0 |          0 |          0 |          0 |          0 |          0 |          0 |          0 |          0 |          0 |          0 |          0 |          0 |          0 |          0
  average dram access latency (ns)   |     142.01 |        inf |        inf |        inf |        inf |        inf |        inf |        inf |        inf |        inf |        inf |        inf |        inf |        inf |        inf |        inf
  average dram queueing delay        |      88.58 |       0.00 |       0.00 |       0.00 |       0.00 |       0.00 |       0.00 |       0.00 |       0.00 |       0.00 |       0.00 |       0.00 |       0.00 |       0.00 |       0.00 |       0.00
  average dram bandwidth utilization |      0.00% |      0.00% |      0.00% |      0.00% |      0.00% |      0.00% |      0.00% |      0.00% |      0.00% |      0.00% |      0.00% |      0.00% |      0.00% |      0.00% |      0.00% |      0.00%
Coherency Traffic                    |            |            |            |            |            |            |            |            |            |            |            |            |            |            |            |           
  num loads from dram                |          4 |          3 |          3 |          3 |          4 |          3 |          3 |          3 |          3 |          3 |          3 |          3 |          3 |          3 |          3 |          3
  num loads from dram cache          |          0 |          0 |          0 |          0 |          0 |          0 |          0 |          0 |          0 |          0 |          0 |          0 |          0 |          0 |          0 |          0
  num loads from remote cache        |     100550 |     101706 |     118737 |     119238 |     114186 |     137567 |     120727 |     141489 |      88502 |      85760 |      89747 |      89808 |     139903 |     138985 |     111060 |     105847
