                                     | Core 0     | Core 1     | Core 2     | Core 3     | Core 4     | Core 5     | Core 6     | Core 7     | Core 8     | Core 9     | Core 10    | Core 11    | Core 12    | Core 13    | Core 14    | Core 15   
  Instructions                       |      93505 |      94149 |      95144 |      92628 |      93357 |      92966 |      94316 |      93548 |      92662 |      93642 |      94550 |      92850 |      93341 |      94855 |      94260 |      94081
  Cycles                             |    4060015 |    4060015 |    4060015 |    4060015 |    4060015 |    4060015 |    4060015 |    4060015 |    4060015 |    4060015 |    4060015 |    4060015 |    4060015 |    4060015 |    4060015 |    4060015
  IPC                                |       0.02 |       0.02 |       0.02 |       0.02 |       0.02 |       0.02 |       0.02 |       0.02 |       0.02 |       0.02 |       0.02 |       0.02 |       0.02 |       0.02 |       0.02 |       0.02
  Time (ns)                          |    1526322 |    1526322 |    1526322 |    1526322 |    1526322 |    1526322 |    1526322 |    1526322 |    1526322 |    1526322 |    1526322 |    1526322 |    1526322 |    1526322 |    1526322 |    1526322
  Idle time (ns)                     |    1441991 |    1437534 |    1435513 |    1445011 |    1441757 |    1440940 |    1434581 |    1444275 |    1451464 |    1439990 |    1439044 |    1449493 |    1442695 |    1434714 |    1438653 |    1441858
  Idle time (%)                      |      94.5% |      94.2% |      94.1% |      94.7% |      94.5% |      94.4% |      94.0% |      94.6% |      95.1% |      94.3% |      94.3% |      95.0% |      94.5% |      94.0% |      94.3% |      94.5%
Branch predictor stats               |            |            |            |            |            |            |            |            |            |            |            |            |            |            |            |           
  num correct                        |       9340 |       9432 |       9591 |       9211 |       9440 |       9290 |       9453 |       9294 |       9352 |       9329 |       9446 |       9409 |       9368 |       9430 |       9445 |       9425
  num incorrect                      |        409 |        442 |        439 |        420 |        419 |        412 |        438 |        422 |        403 |        432 |        439 |        401 |        441 |        472 |        435 |        424
  misprediction rate                 |      4.20% |      4.48% |      4.38% |      4.36% |      4.25% |      4.25% |      4.43% |      4.34% |      4.13% |      4.43% |      4.44% |      4.09% |      4.50% |      4.77% |      4.40% |      4.31%
  mpki                               |       4.37 |       4.69 |       4.61 |       4.53 |       4.49 |       4.43 |       4.64 |       4.51 |       4.35 |       4.61 |       4.64 |       4.32 |       4.72 |       4.98 |       4.61 |       4.51
TLB Summary                          |            |            |            |            |            |            |            |            |            |            |            |            |            |            |            |           
Cache Summary                        |            |            |            |            |            |            |            |            |            |            |            |            |            |            |            |           
  Cache L1-I                         |            |            |            |            |            |            |            |            |            |            |            |            |            |            |            |           
    num cache accesses               |      17996 |      18039 |      18160 |      17896 |      17790 |      17880 |      18075 |      18072 |      17753 |      18010 |      18168 |      17707 |      17885 |      18225 |      18065 |      18065
    num cache misses                 |         21 |         65 |         66 |         21 |         66 |         21 |         66 |         21 |         65 |         21 |         64 |         65 |         65 |         65 |         65 |         65
    miss rate                        |      0.12% |      0.36% |      0.36% |      0.12% |      0.37% |      0.12% |      0.37% |      0.12% |      0.37% |      0.12% |      0.35% |      0.37% |      0.36% |      0.36% |      0.36% |      0.36%
    mpki                             |       0.22 |       0.69 |       0.69 |       0.23 |       0.71 |       0.23 |       0.70 |       0.22 |       0.70 |       0.22 |       0.68 |       0.70 |       0.70 |       0.69 |       0.69 |       0.69
  Cache L1-D                         |            |            |            |            |            |            |            |            |            |            |            |            |            |            |            |           
    num cache accesses               |      52421 |      52663 |      53053 |      52061 |      52302 |      52177 |      52742 |      52457 |      52053 |      52463 |      52849 |      52097 |      52332 |      52958 |      52709 |      52646
    num cache misses                 |       2574 |       2591 |       2574 |       2388 |       2332 |       2403 |       2649 |       2359 |       2142 |       2615 |       2560 |       2307 |       2305 |       2560 |       2554 |       2504
    miss rate                        |      4.91% |      4.92% |      4.85% |      4.59% |      4.46% |      4.61% |      5.02% |      4.50% |      4.12% |      4.98% |      4.84% |      4.43% |      4.40% |      4.83% |      4.85% |      4.76%
    mpki                             |      27.53 |      27.52 |      27.05 |      25.78 |      24.98 |      25.85 |      28.09 |      25.22 |      23.12 |      27.93 |      27.08 |      24.85 |      24.69 |      26.99 |      27.10 |      26.62
  Cache L2                           |            |            |            |            |            |            |            |            |            |            |            |            |            |            |            |           
    num cache accesses               |       3310 |       3343 |       3283 |       3080 |       3011 |       3065 |       3430 |       2982 |       2817 |       3403 |       3320 |       2957 |       2984 |       3343 |       3285 |       3205
    num cache misses                 |       2070 |       2143 |       2170 |       1987 |       1938 |       1989 |       2252 |       1924 |       1735 |       2154 |       2141 |       1827 |       1935 |       2175 |       2107 |       2063
    miss rate                        |     62.54% |     64.10% |     66.10% |     64.51% |     64.36% |     64.89% |     65.66% |     64.52% |     61.59% |     63.30% |     64.49% |     61.79% |     64.85% |     65.06% |     64.14% |     64.37%
    mpki                             |      22.14 |      22.76 |      22.81 |      21.45 |      20.76 |      21.39 |      23.88 |      20.57 |      18.72 |      23.00 |      22.64 |      19.68 |      20.73 |      22.93 |      22.35 |      21.93
  Cache L3                           |            |            |            |            |            |            |            |            |            |            |            |            |            |            |            |           
    num cache accesses               |       2708 |       2718 |       2740 |       2556 |       2489 |       2557 |       2879 |       2432 |       2237 |       2831 |       2770 |       2342 |       2474 |       2819 |       2692 |       2603
    num cache misses                 |       1551 |       1584 |       1626 |       1453 |       1428 |       1503 |       1676 |       1411 |       1258 |       1621 |       1605 |       1331 |       1386 |       1634 |       1616 |       1581
    miss rate                        |     57.27% |     58.28% |     59.34% |     56.85% |     57.37% |     58.78% |     58.21% |     58.02% |     56.24% |     57.26% |     57.94% |     56.83% |     56.02% |     57.96% |     60.03% |     60.74%
    mpki                             |      16.59 |      16.82 |      17.09 |      15.69 |      15.30 |      16.17 |      17.77 |      15.08 |      13.58 |      17.31 |      16.98 |      14.33 |      14.85 |      17.23 |      17.14 |      16.80
DRAM summary                         |            |            |            |            |            |            |            |            |            |            |            |            |            |            |            |           
  num dram accesses                  |        361 |          0 |          0 |          0 |          0 |          0 |          0 |          0 |          0 |          0 |          0 |          0 |          0 |          0 |          0 |          0
  average dram access latency (ns)   |     306.02 |        inf |        inf |        inf |        inf |        inf |        inf |        inf |        inf |        inf |        inf |        inf |        inf |        inf |        inf |        inf
  average dram queueing delay        |     252.59 |       0.00 |       0.00 |       0.00 |       0.00 |       0.00 |       0.00 |       0.00 |       0.00 |       0.00 |       0.00 |       0.00 |       0.00 |       0.00 |       0.00 |       0.00
  average dram bandwidth utilization |      0.00% |      0.00% |      0.00% |      0.00% |      0.00% |      0.00% |      0.00% |      0.00% |      0.00% |      0.00% |      0.00% |      0.00% |      0.00% |      0.00% |      0.00% |      0.00%
Coherency Traffic                    |            |            |            |            |            |            |            |            |            |            |            |            |            |            |            |           
  num loads from dram                |          3 |         12 |         18 |          5 |         16 |          7 |          6 |          5 |         23 |          4 |         14 |          8 |         13 |         11 |          9 |         13
  num loads from dram cache          |          0 |          0 |          0 |          0 |          0 |          0 |          0 |          0 |          0 |          0 |          0 |          0 |          0 |          0 |          0 |          0
  num loads from remote cache        |        703 |        725 |        729 |        692 |        666 |        680 |        772 |        630 |        608 |        782 |        751 |        585 |        665 |        762 |        760 |        716
