                                     | Core 0     | Core 1     | Core 2     | Core 3     | Core 4     | Core 5     | Core 6     | Core 7     | Core 8     | Core 9     | Core 10    | Core 11    | Core 12    | Core 13    | Core 14    | Core 15   
  Instructions                       |    6828243 |    7184958 |    6871031 |    6929633 |    6805707 |    5296564 |    7039258 |    6787720 |    6230376 |    7034340 |    7049384 |    4206037 |    6330864 |    6793221 |    6034323 |    7000623
  Cycles                             |    5168709 |    5168709 |    5168709 |    5168709 |    5168709 |    5168709 |    5168709 |    5168709 |    5168709 |    5168709 |    5168709 |    5168709 |    5168709 |    5168709 |    5168709 |    5168709
  IPC                                |       1.32 |       1.39 |       1.33 |       1.34 |       1.32 |       1.02 |       1.36 |       1.31 |       1.21 |       1.36 |       1.36 |       0.81 |       1.22 |       1.31 |       1.17 |       1.35
  Time (ns)                          |    1943124 |    1943124 |    1943124 |    1943124 |    1943124 |    1943124 |    1943124 |    1943124 |    1943124 |    1943124 |    1943124 |    1943124 |    1943124 |    1943124 |    1943124 |    1943124
  Idle time (ns)                     |     170672 |      86279 |     166265 |     173221 |     181537 |     571639 |      98907 |     173311 |     340507 |     126201 |     131693 |     837438 |     325503 |     206458 |     383629 |     104036
  Idle time (%)                      |       8.8% |       4.4% |       8.6% |       8.9% |       9.3% |      29.4% |       5.1% |       8.9% |      17.5% |       6.5% |       6.8% |      43.1% |      16.8% |      10.6% |      19.7% |       5.4%
Branch predictor stats               |            |            |            |            |            |            |            |            |            |            |            |            |            |            |            |           
  num correct                        |    1674420 |    1763623 |    1685106 |    1699751 |    1668792 |    1291523 |    1727168 |    1664289 |    1524965 |    1725934 |    1729728 |    1018843 |    1550067 |    1665681 |    1475945 |    1717507
  num incorrect                      |        151 |        129 |        162 |        166 |        146 |        130 |        158 |        150 |        138 |        157 |        130 |        169 |        161 |        133 |        145 |        157
  misprediction rate                 |      0.01% |      0.01% |      0.01% |      0.01% |      0.01% |      0.01% |      0.01% |      0.01% |      0.01% |      0.01% |      0.01% |      0.02% |      0.01% |      0.01% |      0.01% |      0.01%
  mpki                               |       0.02 |       0.02 |       0.02 |       0.02 |       0.02 |       0.02 |       0.02 |       0.02 |       0.02 |       0.02 |       0.02 |       0.04 |       0.03 |       0.02 |       0.02 |       0.02
TLB Summary                          |            |            |            |            |            |            |            |            |            |            |            |            |            |            |            |           
Cache Summary                        |            |            |            |            |            |            |            |            |            |            |            |            |            |            |            |           
  Cache L1-I                         |            |            |            |            |            |            |            |            |            |            |            |            |            |            |            |           
    num cache accesses               |      30020 |      30016 |      30019 |      30013 |      30015 |      30015 |      30015 |      30019 |      30019 |      30019 |      30015 |      30027 |      30015 |      30015 |      30015 |      30019
    num cache misses                 |         15 |         15 |         15 |         14 |         15 |         15 |         15 |         15 |         15 |         15 |         15 |         16 |         15 |         15 |         15 |         15
    miss rate                        |      0.05% |      0.05% |      0.05% |      0.05% |      0.05% |      0.05% |      0.05% |      0.05% |      0.05% |      0.05% |      0.05% |      0.05% |      0.05% |      0.05% |      0.05% |      0.05%
    mpki                             |       0.00 |       0.00 |       0.00 |       0.00 |       0.00 |       0.00 |       0.00 |       0.00 |       0.00 |       0.00 |       0.00 |       0.00 |       0.00 |       0.00 |       0.00 |       0.00
  Cache L1-D                         |            |            |            |            |            |            |            |            |            |            |            |            |            |            |            |           
    num cache accesses               |    3447175 |    3625534 |    3468571 |    3497873 |    3435910 |    2681338 |    3552684 |    3426915 |    3148243 |    3550225 |    3557748 |    2136074 |    3198488 |    3429666 |    3050217 |    3533368
    num cache misses                 |      18356 |      19200 |      18197 |      18030 |      17828 |      13425 |      18750 |      17917 |      16165 |      18468 |      18178 |      10836 |      15733 |      17100 |      15457 |      18459
    miss rate                        |      0.53% |      0.53% |      0.52% |      0.52% |      0.52% |      0.50% |      0.53% |      0.52% |      0.51% |      0.52% |      0.51% |      0.51% |      0.49% |      0.50% |      0.51% |      0.52%
    mpki                             |       2.69 |       2.67 |       2.65 |       2.60 |       2.62 |       2.53 |       2.66 |       2.64 |       2.59 |       2.63 |       2.58 |       2.58 |       2.49 |       2.52 |       2.56 |       2.64
  Cache L2                           |            |            |            |            |            |            |            |            |            |            |            |            |            |            |            |           
    num cache accesses               |      20177 |      20643 |      19910 |      19737 |      19504 |      15155 |      20443 |      19602 |      17946 |      20163 |      19891 |      12557 |      17413 |      18820 |      17162 |      20156
    num cache misses                 |      10132 |      10749 |       9882 |       9649 |       9941 |       7304 |      10668 |       9984 |       8880 |      10482 |      10181 |       5851 |       8313 |       9355 |       8380 |      10605
    miss rate                        |     50.22% |     52.07% |     49.63% |     48.89% |     50.97% |     48.20% |     52.18% |     50.93% |     49.48% |     51.99% |     51.18% |     46.60% |     47.74% |     49.71% |     48.83% |     52.61%
    mpki                             |       1.48 |       1.50 |       1.44 |       1.39 |       1.46 |       1.38 |       1.52 |       1.47 |       1.43 |       1.49 |       1.44 |       1.39 |       1.31 |       1.38 |       1.39 |       1.51
  Cache L3                           |            |            |            |            |            |            |            |            |            |            |            |            |            |            |            |           
    num cache accesses               |      11788 |      12066 |      11441 |      11241 |      11514 |       8952 |      12289 |      11576 |      10535 |      12082 |      11790 |       7441 |       9910 |      10985 |       9988 |      12228
    num cache misses                 |       8481 |       9244 |       8586 |       8314 |       8253 |       6090 |       8909 |       8481 |       7242 |       8815 |       8545 |       4947 |       6987 |       7864 |       7044 |       8995
    miss rate                        |     71.95% |     76.61% |     75.05% |     73.96% |     71.68% |     68.03% |     72.50% |     73.26% |     68.74% |     72.96% |     72.48% |     66.48% |     70.50% |     71.59% |     70.52% |     73.56%
    mpki                             |       1.24 |       1.29 |       1.25 |       1.20 |       1.21 |       1.15 |       1.27 |       1.25 |       1.16 |       1.25 |       1.21 |       1.18 |       1.10 |       1.16 |       1.17 |       1.28
DRAM summary                         |            |            |            |            |            |            |            |            |            |            |            |            |            |            |            |           
  num dram accesses                  |        102 |          0 |          0 |          0 |          0 |          0 |          0 |          0 |          0 |          0 |          0 |          0 |          0 |          0 |          0 |          0
  average dram access latency (ns)   |      84.23 |        inf |        inf |        inf |        inf |        inf |        inf |        inf |        inf |        inf |        inf |        inf |        inf |        inf |        inf |        inf
  average dram queueing delay        |      30.80 |       0.00 |       0.00 |       0.00 |       0.00 |       0.00 |       0.00 |       0.00 |       0.00 |       0.00 |       0.00 |       0.00 |       0.00 |       0.00 |       0.00 |       0.00
  average dram bandwidth utilization |      0.00% |      0.00% |      0.00% |      0.00% |      0.00% |      0.00% |      0.00% |      0.00% |      0.00% |      0.00% |      0.00% |      0.00% |      0.00% |      0.00% |      0.00% |      0.00%
Coherency Traffic                    |            |            |            |            |            |            |            |            |            |            |            |            |            |            |            |           
  num loads from dram                |          3 |          4 |          3 |          3 |          3 |          3 |          3 |          5 |          3 |          3 |          3 |          4 |          3 |          3 |          3 |          3
  num loads from dram cache          |          0 |          0 |          0 |          0 |          0 |          0 |          0 |          0 |          0 |          0 |          0 |          0 |          0 |          0 |          0 |          0
  num loads from remote cache        |       3871 |       3936 |       3119 |       2805 |       3689 |       2498 |       3737 |       3092 |       3236 |       3841 |       3224 |       1473 |       2893 |       3196 |       2433 |       3377
